<?xml version="1.0" encoding="UTF-8"?>
<!-- Generated by org.testng.reporters.JUnitXMLReporter -->
<testsuite hostname="DESKTOP-E7HT92S" ignored="0" name="IETest" tests="2" failures="0" timestamp="22 Nov 2018 09:04:55 GMT" time="0.047" errors="0">
  <testcase name="@BeforeClass beforeTest" time="0.019" classname="com.selenium.Multibrowser">
    <failure type="java.lang.IllegalStateException" message="The driver executable does not exist: E:\Browsers\InternetExlporerFiles\InternetExlporerFiles.exe">
      <![CDATA[java.lang.IllegalStateException: The driver executable does not exist: E:\Browsers\InternetExlporerFiles\InternetExlporerFiles.exe
	at com.google.common.base.Preconditions.checkState(Preconditions.java:585)
	at org.openqa.selenium.remote.service.DriverService.checkExecutable(DriverService.java:146)
	at org.openqa.selenium.remote.service.DriverService.findExecutable(DriverService.java:141)
	at org.openqa.selenium.ie.InternetExplorerDriverService.access$000(InternetExplorerDriverService.java:35)
	at org.openqa.selenium.ie.InternetExplorerDriverService$Builder.findDefaultExecutable(InternetExplorerDriverService.java:175)
	at org.openqa.selenium.remote.service.DriverService$Builder.build(DriverService.java:355)
	at org.openqa.selenium.ie.InternetExplorerDriver.setupService(InternetExplorerDriver.java:281)
	at org.openqa.selenium.ie.InternetExplorerDriver.<init>(InternetExplorerDriver.java:211)
	at org.openqa.selenium.ie.InternetExplorerDriver.<init>(InternetExplorerDriver.java:150)
	at com.selenium.Multibrowser.beforeTest(Multibrowser.java:35)
... Removed 25 stack frames]]>
    </failure>
  </testcase> <!-- @BeforeClass beforeTest -->
  <testcase name="@AfterClass afterTest" time="0.0" classname="com.selenium.Multibrowser">
    <skipped/>
  </testcase> <!-- @AfterClass afterTest -->
  <testcase name="beforeTest" time="0.0" classname="com.selenium.Multibrowser">
    <skipped/>
  </testcase> <!-- beforeTest -->
  <testcase name="login" time="0.0" classname="com.selenium.Multibrowser">
    <skipped/>
  </testcase> <!-- login -->
</testsuite> <!-- IETest -->
